[debug] [2025-05-14T17:43:43.395Z] ----------------------------------------------------------------------
[debug] [2025-05-14T17:43:43.397Z] Command:       C:\Program Files\nodejs\node.exe C:\Users\manis_bqfbelj\AppData\Roaming\npm\node_modules\firebase-tools\lib\bin\firebase.js init
[debug] [2025-05-14T17:43:43.397Z] CLI Version:   14.3.1
[debug] [2025-05-14T17:43:43.397Z] Platform:      win32
[debug] [2025-05-14T17:43:43.397Z] Node Version:  v20.11.1
[debug] [2025-05-14T17:43:43.397Z] Time:          Wed May 14 2025 23:13:43 GMT+0530 (India Standard Time)
[debug] [2025-05-14T17:43:43.397Z] ----------------------------------------------------------------------
[debug] 
[debug] [2025-05-14T17:43:43.401Z] > command requires scopes: ["email","openid","https://www.googleapis.com/auth/cloudplatformprojects.readonly","https://www.googleapis.com/auth/firebase","https://www.googleapis.com/auth/cloud-platform"]
[debug] [2025-05-14T17:43:43.402Z] > authorizing via signed-in user (manishaathili1126@gmail.com)
[info] 
     ######## #### ########  ######## ########     ###     ######  ########
     ##        ##  ##     ## ##       ##     ##  ##   ##  ##       ##
     ######    ##  ########  ######   ########  #########  ######  ######
     ##        ##  ##    ##  ##       ##     ## ##     ##       ## ##
     ##       #### ##     ## ######## ########  ##     ##  ######  ########

You're about to initialize a Firebase project in this directory:

  D:\10kprojects\dip_form\dip

[debug] [2025-05-14T17:44:41.319Z] Error: Timed out.
    at Timeout._onTimeout (C:\Users\manis_bqfbelj\AppData\Roaming\npm\node_modules\firebase-tools\lib\utils.js:270:49)
    at listOnTimeout (node:internal/timers:573:17)
    at process.processTimers (node:internal/timers:514:7)
[error] 
[error] Error: An unexpected error has occurred.
